current directory: /Users/apple/rails/jdstore1130/path/ruby/2.5.0/gems/bcrypt-3.1.11/ext/mri
/Users/apple/.rvm/rubies/ruby-2.5.0/bin/ruby -r ./siteconf20180404-38574-15wc5m.rb extconf.rb
creating Makefile

current directory: /Users/apple/rails/jdstore1130/path/ruby/2.5.0/gems/bcrypt-3.1.11/ext/mri
make "DESTDIR=" clean

current directory: /Users/apple/rails/jdstore1130/path/ruby/2.5.0/gems/bcrypt-3.1.11/ext/mri
make "DESTDIR="
compiling bcrypt_ext.c
bcrypt_ext.c:17:25: warning: implicit conversion loses integer precision: 'long' to 'int' [-Wshorten-64-to-32]
            NIL_P(input) ? 0 : RSTRING_LEN(input));
                               ^~~~~~~~~~~~~~~~~~
/Users/apple/.rvm/rubies/ruby-2.5.0/include/ruby-2.5.0/ruby/ruby.h:975:6: note: expanded from macro 'RSTRING_LEN'
     RSTRING_EMBED_LEN(str) : \
     ^~~~~~~~~~~~~~~~~~~~~~
/Users/apple/.rvm/rubies/ruby-2.5.0/include/ruby-2.5.0/ruby/ruby.h:971:6: note: expanded from macro 'RSTRING_EMBED_LEN'
     (long)((RBASIC(str)->flags >> RSTRING_EMBED_LEN_SHIFT) & \
     ^~~~~~~~~~~~~~~~~~~~~~~~~~~~~~~~~~~~~~~~~~~~~~~~~~~~~~~~~~
bcrypt_ext.c:17:25: warning: implicit conversion loses integer precision: 'long' to 'int' [-Wshorten-64-to-32]
            NIL_P(input) ? 0 : RSTRING_LEN(input));
                               ^~~~~~~~~~~~~~~~~~
/Users/apple/.rvm/rubies/ruby-2.5.0/include/ruby-2.5.0/ruby/ruby.h:976:28: note: expanded from macro 'RSTRING_LEN'
     RSTRING(str)->as.heap.len)
     ~~~~~~~~~~~~~~~~~~~~~~^~~
2 warnings generated.
compiling crypt.c
crypt.c:15:26: warning: implicit conversion loses integer precision: 'long' to 'int' [-Wshorten-64-to-32]
      NIL_P(input) ? 0 : RSTRING_LEN(input));
                         ^~~~~~~~~~~~~~~~~~
/Users/apple/.rvm/rubies/ruby-2.5.0/include/ruby-2.5.0/ruby/ruby.h:975:6: note: expanded from macro 'RSTRING_LEN'
     RSTRING_EMBED_LEN(str) : \
     ^~~~~~~~~~~~~~~~~~~~~~
/Users/apple/.rvm/rubies/ruby-2.5.0/include/ruby-2.5.0/ruby/ruby.h:971:6: note: expanded from macro 'RSTRING_EMBED_LEN'
     (long)((RBASIC(str)->flags >> RSTRING_EMBED_LEN_SHIFT) & \
     ^~~~~~~~~~~~~~~~~~~~~~~~~~~~~~~~~~~~~~~~~~~~~~~~~~~~~~~~~~
crypt.c:15:26: warning: implicit conversion loses integer precision: 'long' to 'int' [-Wshorten-64-to-32]
      NIL_P(input) ? 0 : RSTRING_LEN(input));
                         ^~~~~~~~~~~~~~~~~~
/Users/apple/.rvm/rubies/ruby-2.5.0/include/ruby-2.5.0/ruby/ruby.h:976:28: note: expanded from macro 'RSTRING_LEN'
     RSTRING(str)->as.heap.len)
     ~~~~~~~~~~~~~~~~~~~~~~^~~
2 warnings generated.
compiling crypt_blowfish.c
compiling crypt_gensalt.c
compiling wrapper.c
linking shared-object bcrypt_ext.bundle

current directory: /Users/apple/rails/jdstore1130/path/ruby/2.5.0/gems/bcrypt-3.1.11/ext/mri
make "DESTDIR=" install
/usr/local/opt/coreutils/bin/ginstall -c -m 0755 bcrypt_ext.bundle ./.gem.20180404-38574-1jll3dw
