current directory: /Users/apple/rails/jdstore1130/path/ruby/2.3.0/gems/puma-3.11.0/ext/puma_http11
/Users/apple/.rvm/rubies/ruby-2.3.1/bin/ruby -r ./siteconf20171217-50237-h8g88o.rb extconf.rb
checking for BIO_read() in -lcrypto... yes
checking for SSL_CTX_new() in -lssl... yes
checking for openssl/bio.h... yes
creating Makefile

To see why this extension failed to compile, please check the mkmf.log which can be found here:

  /Users/apple/rails/jdstore1130/path/ruby/2.3.0/extensions/x86_64-darwin-16/2.3.0/puma-3.11.0/mkmf.log

current directory: /Users/apple/rails/jdstore1130/path/ruby/2.3.0/gems/puma-3.11.0/ext/puma_http11
make "DESTDIR=" clean

current directory: /Users/apple/rails/jdstore1130/path/ruby/2.3.0/gems/puma-3.11.0/ext/puma_http11
make "DESTDIR="
compiling http11_parser.c
compiling io_buffer.c
compiling mini_ssl.c
compiling puma_http11.c
linking shared-object puma/puma_http11.bundle

current directory: /Users/apple/rails/jdstore1130/path/ruby/2.3.0/gems/puma-3.11.0/ext/puma_http11
make "DESTDIR=" install
/usr/bin/install -c -m 0755 puma_http11.bundle ./.gem.20171217-50237-nm4u4q/puma
